<?xml version="1.0" encoding="UTF-8"?>
<!-- Generated by org.testng.reporters.JUnitXMLReporter -->
<testsuite hostname="DESKTOP-0SU163F" name="Capsule CRM ADD Person" tests="3" failures="0" timestamp="1 Jun 2019 05:01:12 GMT" time="99.478" errors="0">
  <testcase name="verifyAccountSetting_TC_002" time="29.553" classname="com.capsulecrm.testcase.CapsuleCRMAddPersonTest"/>
  <testcase name="verifyAccountSetting_TC_003" time="10.567" classname="com.capsulecrm.testcase.CapsuleCRMAddPersonTest"/>
  <testcase name="verifyAddPerson_TC_001" time="14.114" classname="com.capsulecrm.testcase.CapsuleCRMAddPersonTest"/>
</testsuite> <!-- Capsule CRM ADD Person -->
