<?xml version="1.0" encoding="UTF-8"?>
<!-- Generated by org.testng.reporters.JUnitXMLReporter -->
<testsuite hostname="DESKTOP-0SU163F" name="Default test" tests="3" failures="0" timestamp="1 Jun 2019 06:11:41 GMT" time="100.053" errors="0">
  <testcase name="verifyAddPerson_TC_001" time="16.436" classname="com.capsulecrm.testcase.CapsuleCRMAddPersonTest"/>
  <testcase name="verifyAccountSetting_TC_002" time="29.286" classname="com.capsulecrm.testcase.CapsuleCRMAddPersonTest"/>
  <testcase name="verifyAccountSetting_TC_003" time="10.706" classname="com.capsulecrm.testcase.CapsuleCRMAddPersonTest"/>
</testsuite> <!-- Default test -->
